IQ-TREE multicore version 2.2.0.3 COVID-edition for Linux 64-bit built Aug  2 2022
Developed by Bui Quang Minh, James Barbetti, Nguyen Lam Tung,
Olga Chernomor, Heiko Schmidt, Dominik Schrempf, Michael Woodhams, Ly Trong Nhan.

Host:    ncfadlaptop (AVX2, FMA3, 62 GB RAM)
Command: iqtree -T 16 -s 2023-03-29-QC-WTD-and-related-GISAID-NCBI-seqs.nextalign.fasta -m GTR+F+I+I+R5 -o MN908947.3 --prefix iqtree-2023-03-29-QC-WTD-and-related-GISAID-NCBI
Seed:    392609 (Using SPRNG - Scalable Parallel Random Number Generator)
Time:    Wed Mar 29 21:01:52 2023
Kernel:  AVX+FMA - 16 threads (16 CPU cores detected)

Reading alignment file 2023-03-29-QC-WTD-and-related-GISAID-NCBI-seqs.nextalign.fasta ... Fasta format detected
Reading fasta file: done in 0.029999 secs using 97.61% CPU
Alignment most likely contains DNA/RNA sequences
Constructing alignment: done in 0.0256701 secs using 827.4% CPU
Alignment has 98 sequences with 29903 columns, 840 distinct patterns
33 parsimony-informative, 102 singleton sites, 29768 constant sites
                              Gap/Ambiguity  Composition  p-value
Analyzing sequences: done in 3.7247e-05 secs using 96.65% CPU
   1  MN908947.3                      0.00%    passed     99.67%
   2  QC-4205                         4.31%    passed     98.53%
   3  QC-4204                        30.93%    passed     98.22%
   4  QC-4249                         1.15%    passed     99.37%
   5  MZ831124.1                      4.59%    passed     96.81%
   6  MZ778136.1                      0.74%    passed     99.99%
   7  USA/CT-Yale-12907/2021          1.55%    passed     99.78%
   8  MZ831131.1                      6.60%    passed     94.23%
   9  Canada/QC-L00415260001B/2021    1.62%    passed     92.66%
  10  MZ801696.1                      2.26%    passed     99.39%
  11  QC-4055                         0.45%    passed     98.37%
  12  MZ778090.1                      1.78%    passed     99.77%
  13  MZ831153.1                      3.22%    passed     96.71%
  14  MZ839391.1                      2.85%    passed     99.23%
  15  MZ831164.1                      6.08%    passed     94.41%
  16  MZ831138.1                      3.62%    passed     95.69%
  17  MZ831171.1                      3.05%    passed     97.83%
  18  MZ839443.1                      2.93%    passed     99.15%
  19  MZ934268.1                      1.95%    passed     99.80%
  20  MZ934287.1                      1.85%    passed     99.90%
  21  MZ839452.1                      2.06%    passed     99.48%
  22  MZ839428.1                      1.97%    passed     99.81%
  23  MZ934236.1                      3.11%    passed     99.15%
  24  MZ839450.1                      2.01%    passed     99.81%
  25  MZ934302.1                      2.94%    passed     99.55%
  26  MZ934210.1                      1.91%    passed     99.59%
  27  MZ934251.1                      3.02%    passed     99.09%
  28  MZ934190.1                      2.68%    passed     99.26%
  29  MZ948751.1                      2.93%    passed     99.90%
  30  MZ948729.1                      2.89%    passed     99.81%
  31  MZ948705.1                      2.00%    passed     99.74%
  32  MZ948766.1                      2.93%    passed     99.91%
  33  MZ948772.1                      4.49%    passed     96.24%
  34  MZ983317.1                      2.91%    passed     99.00%
  35  MZ948796.1                      2.92%    passed     99.92%
  36  OK020938.1                      0.10%    passed     99.89%
  37  MZ983352.1                      2.32%    passed     99.93%
  38  OK021503.1                      0.31%    passed     99.88%
  39  OK034569.1                      0.20%    passed     99.83%
  40  OK035053.1                      0.20%    passed     99.84%
  41  OK021524.1                      0.32%    passed     99.76%
  42  MZ983349.1                      1.99%    passed     99.78%
  43  OK035071.1                      1.05%    passed     99.46%
  44  OK035160.1                      0.10%    passed     99.93%
  45  OK035123.1                      0.41%    passed     99.07%
  46  OK035176.1                      1.59%    passed     99.91%
  47  OK036272.1                      0.30%    passed     99.95%
  48  OK088791.1                      1.13%    passed     99.42%
  49  OK088240.1                      0.28%    passed     99.88%
  50  OK089306.1                      0.63%    passed     99.92%
  51  OK177772.1                      0.23%    passed     99.72%
  52  OK119356.1                      0.27%    passed     98.75%
  53  OK089361.1                      0.08%    passed     99.89%
  54  OK177797.1                      0.20%    passed     99.76%
  55  OK179639.1                     18.78%    passed     74.90%
  56  OK177731.1                      0.92%    passed     99.99%
  57  OK119994.1                      0.84%    passed     99.29%
  58  OK177765.1                      1.33%    passed     99.98%
  59  OK276436.1                      1.67%    passed     98.46%
  60  OK286946.1                      0.10%    passed     99.89%
  61  OK176181.1                      3.84%    passed     96.22%
  62  OK089353.1                      0.30%    passed     99.99%
  63  OK089805.1                      0.60%    passed     99.89%
  64  OK287000.1                      0.09%    passed     99.90%
  65  OK352897.1                      0.11%    passed     99.88%
  66  OK089307.1                      0.43%    passed     99.93%
  67  OK352904.1                      0.11%    passed     99.91%
  68  OK428432.1                      0.86%    passed     99.08%
  69  OK403350.1                      0.33%    passed     98.45%
  70  OK352911.1                      0.18%    passed     99.91%
  71  OK353553.1                      0.21%    passed     99.90%
  72  OK443367.1                      0.45%    passed     98.78%
  73  OK443635.1                      0.45%    passed     98.78%
  74  OK428453.1                      0.19%    passed     99.91%
  75  OK712788.1                      0.20%    passed     99.82%
  76  OK463722.1                      0.45%    passed     98.78%
  77  OK591210.1                      4.77%    passed     91.47%
  78  OK712766.1                      0.25%    passed     99.75%
  79  OL360169.1                      0.45%    passed     98.59%
  80  OK712805.1                      0.21%    passed     99.77%
  81  OL304737.1                      0.21%    passed     99.71%
  82  OL362900.1                      0.43%    passed     99.89%
  83  OK575658.1                      1.45%    passed     99.68%
  84  OL546091.1                      1.76%    passed     97.52%
  85  OL406756.1                      1.69%    passed     97.28%
  86  OL545631.1                      2.06%    passed     97.58%
  87  OL545701.1                      2.55%    passed     98.00%
  88  OL545998.1                      1.78%    passed     96.88%
  89  OL564517.1                      0.27%    passed     98.69%
  90  OL661996.1                      2.36%    passed     98.31%
  91  OL599608.1                      0.36%    passed     99.47%
  92  OL662700.1                      4.42%    passed     96.80%
  93  OL718610.1                      1.16%    passed     99.96%
  94  OL662092.1                      0.90%    passed     99.99%
  95  OL662701.1                      0.75%    passed     99.96%
  96  OL662716.1                      1.58%    passed     99.99%
  97  OL846289.1                      8.38%    passed     84.33%
  98  OP930368.1                      0.97%    passed     97.96%
****  TOTAL                           2.09%  0 sequences failed composition chi2 test (p-value<5%; df=3)
NOTE: OK286946.1 is identical to OK020938.1 but kept for subsequent analysis
NOTE: OK443635.1 is identical to OK443367.1 but kept for subsequent analysis
Checking for duplicate sequences: done in 0.0113752 secs using 1467% CPU
Identifying sites to remove: done in 0.013842 secs using 1187% CPU
NOTE: 1 identical sequences (see below) will be ignored for subsequent analysis
NOTE: OK463722.1 (identical to OK443367.1) is ignored but added at the end
Alignment was printed to iqtree-2023-03-29-QC-WTD-and-related-GISAID-NCBI.uniqueseq.phy

For your convenience alignment with unique sequences printed to iqtree-2023-03-29-QC-WTD-and-related-GISAID-NCBI.uniqueseq.phy
Creating fast initial parsimony tree by random order stepwise addition...
0.162 seconds, parsimony score: 138 (based on 135 sites)

NOTE: 13 MB RAM (0 GB) is required!
WARNING: Number of threads seems too high for short alignments. Use -T AUTO to determine best number of threads.
Estimate model parameters (epsilon = 0.100)
1. Initial log-likelihood: -41993.215
2. Current log-likelihood: -41909.657
3. Current log-likelihood: -41909.418
4. Current log-likelihood: -41909.204
5. Current log-likelihood: -41909.004
6. Current log-likelihood: -41908.817
7. Current log-likelihood: -41908.652
8. Current log-likelihood: -41908.505
9. Current log-likelihood: -41908.380
10. Current log-likelihood: -41908.261
11. Current log-likelihood: -41908.154
12. Current log-likelihood: -41908.052
Optimal log-likelihood: -41907.923
Rate parameters:  A-C: 0.14156  A-G: 0.66370  A-T: 0.08074  C-G: 0.15815  C-T: 2.48993  G-T: 1.00000
Base frequencies:  A: 0.300  C: 0.183  G: 0.196  T: 0.321
Proportion of invariable sites: 0.500
Site proportion and rates:  (0.101,0.285) (0.101,0.413) (0.100,0.494) (0.100,1.110) (0.099,7.798)
Parameters optimization took 12 rounds (1.231 sec)
Wrote distance file to... 
Computing ML distances based on estimated model parameters...
Calculating distance matrix: done in 0.0141376 secs using 1602% CPU
Computing ML distances took 0.016631 sec (of wall-clock time) 0.236237 sec (of CPU time)
Setting up auxiliary I and S matrices: done in 0.0016516 secs using 269.7% CPU
Constructing RapidNJ tree: done in 0.180239 secs using 58.24% CPU
Computing RapidNJ tree took 0.182009 sec (of wall-clock time) 0.109731 sec (of CPU time)
Log-likelihood of RapidNJ tree: -41910.560
--------------------------------------------------------------------
|             INITIALIZING CANDIDATE TREE SET                      |
--------------------------------------------------------------------
Generating 98 parsimony trees... 0.218 second
Computing log-likelihood of 98 initial trees ... 0.688 seconds
Current best score: -41899.377

Do NNI search on 20 best initial trees
Optimizing NNI: done in 0.187668 secs using 1514% CPU
Estimate model parameters (epsilon = 0.100)
BETTER TREE FOUND at iteration 1: -41899.153
Optimizing NNI: done in 0.178078 secs using 1538% CPU
Optimizing NNI: done in 0.194573 secs using 1525% CPU
Optimizing NNI: done in 0.171856 secs using 1525% CPU
Optimizing NNI: done in 0.182216 secs using 1519% CPU
BETTER TREE FOUND at iteration 5: -41899.145
Optimizing NNI: done in 0.189213 secs using 1514% CPU
Optimizing NNI: done in 0.199431 secs using 1550% CPU
Optimizing NNI: done in 0.138926 secs using 1563% CPU
Optimizing NNI: done in 0.156997 secs using 1551% CPU
Optimizing NNI: done in 0.176604 secs using 1557% CPU
Iteration 10 / LogL: -41899.329 / Time: 0h:0m:4s
Optimizing NNI: done in 0.145239 secs using 1551% CPU
Optimizing NNI: done in 0.110328 secs using 1547% CPU
Optimizing NNI: done in 0.17733 secs using 1538% CPU
Optimizing NNI: done in 0.172339 secs using 1543% CPU
Optimizing NNI: done in 0.12832 secs using 1525% CPU
Optimizing NNI: done in 0.147122 secs using 1538% CPU
Optimizing NNI: done in 0.223994 secs using 1550% CPU
Estimate model parameters (epsilon = 0.100)
BETTER TREE FOUND at iteration 17: -41898.899
Optimizing NNI: done in 0.114829 secs using 1574% CPU
Optimizing NNI: done in 0.159756 secs using 1553% CPU
Optimizing NNI: done in 0.133739 secs using 1546% CPU
Iteration 20 / LogL: -41899.373 / Time: 0h:0m:6s
Finish initializing candidate tree set (20)
Current best tree score: -41898.899 / CPU time: 4.417
Number of iterations: 20
--------------------------------------------------------------------
|               OPTIMIZING CANDIDATE TREE SET                      |
--------------------------------------------------------------------
Optimizing NNI: done in 0.122116 secs using 1514% CPU
Optimizing NNI: done in 0.0792153 secs using 1517% CPU
Optimizing NNI: done in 0.137542 secs using 1566% CPU
Optimizing NNI: done in 0.153489 secs using 1541% CPU
Optimizing NNI: done in 0.0922321 secs using 1528% CPU
Optimizing NNI: done in 0.119671 secs using 1546% CPU
Optimizing NNI: done in 0.124042 secs using 1517% CPU
Optimizing NNI: done in 0.158624 secs using 1561% CPU
Optimizing NNI: done in 0.0762807 secs using 1575% CPU
Optimizing NNI: done in 0.145868 secs using 1528% CPU
Iteration 30 / LogL: -41905.912 / Time: 0h:0m:7s (0h:0m:21s left)
Optimizing NNI: done in 0.178858 secs using 1513% CPU
Optimizing NNI: done in 0.246566 secs using 1500% CPU
Optimizing NNI: done in 0.190094 secs using 1525% CPU
Optimizing NNI: done in 0.140379 secs using 1514% CPU
Optimizing NNI: done in 0.140256 secs using 1545% CPU
Optimizing NNI: done in 0.15039 secs using 1538% CPU
Optimizing NNI: done in 0.172926 secs using 1503% CPU
Optimizing NNI: done in 0.129645 secs using 1526% CPU
Optimizing NNI: done in 0.176305 secs using 1527% CPU
Optimizing NNI: done in 0.0841839 secs using 1555% CPU
Iteration 40 / LogL: -41899.222 / Time: 0h:0m:9s (0h:0m:17s left)
Optimizing NNI: done in 0.101716 secs using 1526% CPU
Optimizing NNI: done in 0.128628 secs using 1538% CPU
Optimizing NNI: done in 0.116177 secs using 1532% CPU
Optimizing NNI: done in 0.0891156 secs using 1570% CPU
Optimizing NNI: done in 0.100425 secs using 1537% CPU
Optimizing NNI: done in 0.118842 secs using 1533% CPU
Optimizing NNI: done in 0.128874 secs using 1537% CPU
Optimizing NNI: done in 0.118873 secs using 1544% CPU
Optimizing NNI: done in 0.101307 secs using 1582% CPU
Optimizing NNI: done in 0.150676 secs using 1525% CPU
Iteration 50 / LogL: -41899.036 / Time: 0h:0m:10s (0h:0m:13s left)
Optimizing NNI: done in 0.1339 secs using 1505% CPU
Optimizing NNI: done in 0.106541 secs using 1548% CPU
Optimizing NNI: done in 0.111477 secs using 1523% CPU
Optimizing NNI: done in 0.109049 secs using 1561% CPU
Optimizing NNI: done in 0.125241 secs using 1537% CPU
Optimizing NNI: done in 0.141934 secs using 1505% CPU
Optimizing NNI: done in 0.195574 secs using 1477% CPU
Optimizing NNI: done in 0.182286 secs using 1502% CPU
Optimizing NNI: done in 0.12744 secs using 1549% CPU
Optimizing NNI: done in 0.125896 secs using 1557% CPU
Iteration 60 / LogL: -41899.332 / Time: 0h:0m:11s (0h:0m:11s left)
Optimizing NNI: done in 0.101262 secs using 1538% CPU
Optimizing NNI: done in 0.0866745 secs using 1553% CPU
Optimizing NNI: done in 0.114959 secs using 1574% CPU
Optimizing NNI: done in 0.131902 secs using 1557% CPU
Optimizing NNI: done in 0.118074 secs using 1516% CPU
Optimizing NNI: done in 0.11382 secs using 1545% CPU
Optimizing NNI: done in 0.114464 secs using 1530% CPU
Optimizing NNI: done in 0.13549 secs using 1551% CPU
Optimizing NNI: done in 0.067407 secs using 1530% CPU
Optimizing NNI: done in 0.135327 secs using 1550% CPU
Iteration 70 / LogL: -41899.129 / Time: 0h:0m:12s (0h:0m:8s left)
Optimizing NNI: done in 0.12531 secs using 1557% CPU
Optimizing NNI: done in 0.134138 secs using 1548% CPU
Optimizing NNI: done in 0.152117 secs using 1545% CPU
Optimizing NNI: done in 0.121073 secs using 1531% CPU
Optimizing NNI: done in 0.153822 secs using 1543% CPU
Optimizing NNI: done in 0.0860413 secs using 1571% CPU
Optimizing NNI: done in 0.129594 secs using 1539% CPU
Optimizing NNI: done in 0.0774359 secs using 1542% CPU
Optimizing NNI: done in 0.118863 secs using 1566% CPU
Optimizing NNI: done in 0.130543 secs using 1543% CPU
Iteration 80 / LogL: -41901.928 / Time: 0h:0m:14s (0h:0m:6s left)
Optimizing NNI: done in 0.138425 secs using 1532% CPU
Optimizing NNI: done in 0.150819 secs using 1568% CPU
Optimizing NNI: done in 0.166804 secs using 1553% CPU
Optimizing NNI: done in 0.135356 secs using 1533% CPU
Optimizing NNI: done in 0.0798966 secs using 1565% CPU
Optimizing NNI: done in 0.136229 secs using 1555% CPU
Optimizing NNI: done in 0.100667 secs using 1548% CPU
Optimizing NNI: done in 0.115143 secs using 1518% CPU
Optimizing NNI: done in 0.120921 secs using 1571% CPU
Optimizing NNI: done in 0.133622 secs using 1542% CPU
Iteration 90 / LogL: -41899.171 / Time: 0h:0m:15s (0h:0m:4s left)
Optimizing NNI: done in 0.168325 secs using 1524% CPU
Optimizing NNI: done in 0.0915045 secs using 1579% CPU
Optimizing NNI: done in 0.20388 secs using 1534% CPU
Optimizing NNI: done in 0.0908317 secs using 1553% CPU
Optimizing NNI: done in 0.103273 secs using 1561% CPU
Optimizing NNI: done in 0.130099 secs using 1549% CPU
Optimizing NNI: done in 0.082675 secs using 1570% CPU
Optimizing NNI: done in 0.124851 secs using 1530% CPU
Optimizing NNI: done in 0.137565 secs using 1528% CPU
Optimizing NNI: done in 0.108363 secs using 1567% CPU
Iteration 100 / LogL: -41901.897 / Time: 0h:0m:16s (0h:0m:2s left)
Optimizing NNI: done in 0.12929 secs using 1558% CPU
Optimizing NNI: done in 0.12402 secs using 1538% CPU
Optimizing NNI: done in 0.0854997 secs using 1575% CPU
Optimizing NNI: done in 0.114138 secs using 1539% CPU
Optimizing NNI: done in 0.150714 secs using 1543% CPU
Optimizing NNI: done in 0.138396 secs using 1573% CPU
Optimizing NNI: done in 0.114081 secs using 1536% CPU
Optimizing NNI: done in 0.146737 secs using 1546% CPU
Optimizing NNI: done in 0.105779 secs using 1558% CPU
Optimizing NNI: done in 0.137019 secs using 1545% CPU
Iteration 110 / LogL: -41899.202 / Time: 0h:0m:18s (0h:0m:1s left)
Optimizing NNI: done in 0.0782177 secs using 1532% CPU
Optimizing NNI: done in 0.0897572 secs using 1482% CPU
Optimizing NNI: done in 0.153229 secs using 1560% CPU
Optimizing NNI: done in 0.135564 secs using 1568% CPU
Optimizing NNI: done in 0.0943092 secs using 1539% CPU
Optimizing NNI: done in 0.0996083 secs using 1561% CPU
Optimizing NNI: done in 0.145731 secs using 1561% CPU
Optimizing NNI: done in 0.170235 secs using 1549% CPU
TREE SEARCH COMPLETED AFTER 118 ITERATIONS / Time: 0h:0m:19s

--------------------------------------------------------------------
|                    FINALIZING TREE SEARCH                        |
--------------------------------------------------------------------
Performs final model parameters optimization
Estimate model parameters (epsilon = 0.010)
1. Initial log-likelihood: -41898.899
2. Current log-likelihood: -41898.853
Optimal log-likelihood: -41898.852
Rate parameters:  A-C: 0.14248  A-G: 0.66517  A-T: 0.08088  C-G: 0.15873  C-T: 2.48329  G-T: 1.00000
Base frequencies:  A: 0.300  C: 0.183  G: 0.196  T: 0.321
Proportion of invariable sites: 0.500
Site proportion and rates:  (0.101,0.310) (0.101,0.413) (0.100,0.493) (0.100,1.109) (0.098,7.795)
Parameters optimization took 2 rounds (0.091 sec)
BEST SCORE FOUND : -41898.852
Total tree length: 0.005

Total number of iterations: 118
CPU time used for tree search: 265.187 sec (0h:4m:25s)
Wall-clock time used for tree search: 17.314 sec (0h:0m:17s)
Total CPU time used: 291.046 sec (0h:4m:51s)
Total wall-clock time used: 19.214 sec (0h:0m:19s)

Analysis results written to: 
  IQ-TREE report:                iqtree-2023-03-29-QC-WTD-and-related-GISAID-NCBI.iqtree
  Maximum-likelihood tree:       iqtree-2023-03-29-QC-WTD-and-related-GISAID-NCBI.treefile
  Likelihood distances:          iqtree-2023-03-29-QC-WTD-and-related-GISAID-NCBI.mldist
  Screen log file:               iqtree-2023-03-29-QC-WTD-and-related-GISAID-NCBI.log

ALISIM COMMAND
--------------
--alisim simulated_MSA -t iqtree-2023-03-29-QC-WTD-and-related-GISAID-NCBI.treefile -m "GTR{0.142476,0.66517,0.0808817,0.158732,2.48329}+F{0.29952,0.183155,0.196173,0.321152}+I{0.500148}+R5{0.100745,0.31015,0.100584,0.412804,0.100308,0.492725,0.0997962,1.10882,0.0984192,7.79474}" --length 29903

Date and Time: Wed Mar 29 21:02:11 2023
